{"D:\\OneDrive\\Programming\\VisaiAi\\University-User-Management-System\\server\\controllers\\course.js": {"path":"D:\\OneDrive\\Programming\\VisaiAi\\University-User-Management-System\\server\\controllers\\course.js","statementMap":{"0":{"start":{"line":1,"column":25},"end":{"line":1,"column":50}},"1":{"start":{"line":2,"column":15},"end":{"line":2,"column":33}},"2":{"start":{"line":7,"column":0},"end":{"line":15,"column":1}},"3":{"start":{"line":8,"column":2},"end":{"line":14,"column":3}},"4":{"start":{"line":9,"column":20},"end":{"line":9,"column":50}},"5":{"start":{"line":10,"column":4},"end":{"line":10,"column":33}},"6":{"start":{"line":12,"column":4},"end":{"line":12,"column":20}},"7":{"start":{"line":13,"column":4},"end":{"line":13,"column":42}},"8":{"start":{"line":20,"column":0},"end":{"line":73,"column":1}},"9":{"start":{"line":21,"column":2},"end":{"line":72,"column":3}},"10":{"start":{"line":22,"column":17},"end":{"line":48,"column":6}},"11":{"start":{"line":49,"column":4},"end":{"line":51,"column":5}},"12":{"start":{"line":50,"column":6},"end":{"line":50,"column":66}},"13":{"start":{"line":52,"column":4},"end":{"line":67,"column":5}},"14":{"start":{"line":55,"column":44},"end":{"line":60,"column":7}},"15":{"start":{"line":61,"column":49},"end":{"line":66,"column":7}},"16":{"start":{"line":68,"column":4},"end":{"line":68,"column":32}},"17":{"start":{"line":70,"column":4},"end":{"line":70,"column":20}},"18":{"start":{"line":71,"column":4},"end":{"line":71,"column":42}},"19":{"start":{"line":78,"column":0},"end":{"line":91,"column":1}},"20":{"start":{"line":79,"column":19},"end":{"line":79,"column":27}},"21":{"start":{"line":80,"column":2},"end":{"line":90,"column":3}},"22":{"start":{"line":81,"column":19},"end":{"line":85,"column":6}},"23":{"start":{"line":86,"column":4},"end":{"line":86,"column":32}},"24":{"start":{"line":88,"column":4},"end":{"line":88,"column":20}},"25":{"start":{"line":89,"column":4},"end":{"line":89,"column":42}},"26":{"start":{"line":96,"column":0},"end":{"line":109,"column":1}},"27":{"start":{"line":97,"column":2},"end":{"line":108,"column":3}},"28":{"start":{"line":98,"column":19},"end":{"line":103,"column":6}},"29":{"start":{"line":104,"column":4},"end":{"line":104,"column":32}},"30":{"start":{"line":106,"column":4},"end":{"line":106,"column":20}},"31":{"start":{"line":107,"column":4},"end":{"line":107,"column":42}},"32":{"start":{"line":114,"column":0},"end":{"line":126,"column":1}},"33":{"start":{"line":115,"column":2},"end":{"line":125,"column":3}},"34":{"start":{"line":116,"column":19},"end":{"line":120,"column":6}},"35":{"start":{"line":121,"column":4},"end":{"line":121,"column":32}},"36":{"start":{"line":123,"column":4},"end":{"line":123,"column":20}},"37":{"start":{"line":124,"column":4},"end":{"line":124,"column":42}},"38":{"start":{"line":131,"column":0},"end":{"line":164,"column":1}},"39":{"start":{"line":132,"column":19},"end":{"line":132,"column":40}},"40":{"start":{"line":133,"column":21},"end":{"line":133,"column":29}},"41":{"start":{"line":134,"column":2},"end":{"line":163,"column":3}},"42":{"start":{"line":136,"column":17},"end":{"line":136,"column":72}},"43":{"start":{"line":137,"column":4},"end":{"line":139,"column":5}},"44":{"start":{"line":138,"column":6},"end":{"line":138,"column":64}},"45":{"start":{"line":140,"column":4},"end":{"line":142,"column":5}},"46":{"start":{"line":141,"column":6},"end":{"line":141,"column":71}},"47":{"start":{"line":144,"column":19},"end":{"line":144,"column":78}},"48":{"start":{"line":145,"column":4},"end":{"line":147,"column":5}},"49":{"start":{"line":146,"column":6},"end":{"line":146,"column":66}},"50":{"start":{"line":149,"column":28},"end":{"line":151,"column":6}},"51":{"start":{"line":152,"column":4},"end":{"line":154,"column":5}},"52":{"start":{"line":153,"column":6},"end":{"line":153,"column":88}},"53":{"start":{"line":156,"column":21},"end":{"line":158,"column":6}},"54":{"start":{"line":159,"column":4},"end":{"line":159,"column":78}},"55":{"start":{"line":161,"column":4},"end":{"line":161,"column":20}},"56":{"start":{"line":162,"column":4},"end":{"line":162,"column":65}},"57":{"start":{"line":169,"column":0},"end":{"line":193,"column":1}},"58":{"start":{"line":170,"column":19},"end":{"line":170,"column":40}},"59":{"start":{"line":171,"column":28},"end":{"line":171,"column":36}},"60":{"start":{"line":172,"column":2},"end":{"line":192,"column":3}},"61":{"start":{"line":174,"column":21},"end":{"line":176,"column":6}},"62":{"start":{"line":178,"column":4},"end":{"line":180,"column":5}},"63":{"start":{"line":179,"column":6},"end":{"line":179,"column":77}},"64":{"start":{"line":182,"column":4},"end":{"line":187,"column":6}},"65":{"start":{"line":188,"column":4},"end":{"line":188,"column":78}},"66":{"start":{"line":190,"column":4},"end":{"line":190,"column":20}},"67":{"start":{"line":191,"column":4},"end":{"line":191,"column":63}},"68":{"start":{"line":198,"column":0},"end":{"line":233,"column":1}},"69":{"start":{"line":199,"column":2},"end":{"line":232,"column":3}},"70":{"start":{"line":200,"column":19},"end":{"line":218,"column":6}},"71":{"start":{"line":219,"column":24},"end":{"line":227,"column":7}},"72":{"start":{"line":219,"column":49},"end":{"line":227,"column":5}},"73":{"start":{"line":222,"column":65},"end":{"line":226,"column":7}},"74":{"start":{"line":228,"column":4},"end":{"line":228,"column":41}},"75":{"start":{"line":230,"column":4},"end":{"line":230,"column":20}},"76":{"start":{"line":231,"column":4},"end":{"line":231,"column":42}}},"fnMap":{"0":{"name":"(anonymous_0)","decl":{"start":{"line":7,"column":21},"end":{"line":7,"column":22}},"loc":{"start":{"line":7,"column":47},"end":{"line":15,"column":1}},"line":7},"1":{"name":"(anonymous_1)","decl":{"start":{"line":20,"column":20},"end":{"line":20,"column":21}},"loc":{"start":{"line":20,"column":46},"end":{"line":73,"column":1}},"line":20},"2":{"name":"(anonymous_2)","decl":{"start":{"line":55,"column":30},"end":{"line":55,"column":31}},"loc":{"start":{"line":55,"column":44},"end":{"line":60,"column":7}},"line":55},"3":{"name":"(anonymous_3)","decl":{"start":{"line":61,"column":32},"end":{"line":61,"column":33}},"loc":{"start":{"line":61,"column":49},"end":{"line":66,"column":7}},"line":61},"4":{"name":"(anonymous_4)","decl":{"start":{"line":78,"column":23},"end":{"line":78,"column":24}},"loc":{"start":{"line":78,"column":49},"end":{"line":91,"column":1}},"line":78},"5":{"name":"(anonymous_5)","decl":{"start":{"line":96,"column":23},"end":{"line":96,"column":24}},"loc":{"start":{"line":96,"column":49},"end":{"line":109,"column":1}},"line":96},"6":{"name":"(anonymous_6)","decl":{"start":{"line":114,"column":23},"end":{"line":114,"column":24}},"loc":{"start":{"line":114,"column":49},"end":{"line":126,"column":1}},"line":114},"7":{"name":"(anonymous_7)","decl":{"start":{"line":131,"column":24},"end":{"line":131,"column":25}},"loc":{"start":{"line":131,"column":50},"end":{"line":164,"column":1}},"line":131},"8":{"name":"(anonymous_8)","decl":{"start":{"line":169,"column":22},"end":{"line":169,"column":23}},"loc":{"start":{"line":169,"column":48},"end":{"line":193,"column":1}},"line":169},"9":{"name":"(anonymous_9)","decl":{"start":{"line":198,"column":19},"end":{"line":198,"column":20}},"loc":{"start":{"line":198,"column":45},"end":{"line":233,"column":1}},"line":198},"10":{"name":"(anonymous_10)","decl":{"start":{"line":219,"column":37},"end":{"line":219,"column":38}},"loc":{"start":{"line":219,"column":49},"end":{"line":227,"column":5}},"line":219},"11":{"name":"(anonymous_11)","decl":{"start":{"line":222,"column":48},"end":{"line":222,"column":49}},"loc":{"start":{"line":222,"column":65},"end":{"line":226,"column":7}},"line":222}},"branchMap":{"0":{"loc":{"start":{"line":49,"column":4},"end":{"line":51,"column":5}},"type":"if","locations":[{"start":{"line":49,"column":4},"end":{"line":51,"column":5}},{"start":{},"end":{}}],"line":49},"1":{"loc":{"start":{"line":137,"column":4},"end":{"line":139,"column":5}},"type":"if","locations":[{"start":{"line":137,"column":4},"end":{"line":139,"column":5}},{"start":{},"end":{}}],"line":137},"2":{"loc":{"start":{"line":140,"column":4},"end":{"line":142,"column":5}},"type":"if","locations":[{"start":{"line":140,"column":4},"end":{"line":142,"column":5}},{"start":{},"end":{}}],"line":140},"3":{"loc":{"start":{"line":140,"column":8},"end":{"line":140,"column":54}},"type":"binary-expr","locations":[{"start":{"line":140,"column":8},"end":{"line":140,"column":30}},{"start":{"line":140,"column":34},"end":{"line":140,"column":54}}],"line":140},"4":{"loc":{"start":{"line":145,"column":4},"end":{"line":147,"column":5}},"type":"if","locations":[{"start":{"line":145,"column":4},"end":{"line":147,"column":5}},{"start":{},"end":{}}],"line":145},"5":{"loc":{"start":{"line":152,"column":4},"end":{"line":154,"column":5}},"type":"if","locations":[{"start":{"line":152,"column":4},"end":{"line":154,"column":5}},{"start":{},"end":{}}],"line":152},"6":{"loc":{"start":{"line":178,"column":4},"end":{"line":180,"column":5}},"type":"if","locations":[{"start":{"line":178,"column":4},"end":{"line":180,"column":5}},{"start":{},"end":{}}],"line":178}},"s":{"0":1,"1":1,"2":1,"3":1,"4":1,"5":1,"6":0,"7":0,"8":1,"9":2,"10":2,"11":2,"12":1,"13":1,"14":0,"15":0,"16":1,"17":0,"18":0,"19":1,"20":2,"21":2,"22":2,"23":1,"24":1,"25":1,"26":1,"27":2,"28":2,"29":1,"30":1,"31":1,"32":1,"33":1,"34":1,"35":1,"36":0,"37":0,"38":1,"39":4,"40":4,"41":4,"42":4,"43":4,"44":0,"45":4,"46":1,"47":3,"48":3,"49":1,"50":2,"51":2,"52":1,"53":1,"54":1,"55":0,"56":0,"57":1,"58":3,"59":3,"60":3,"61":3,"62":3,"63":2,"64":1,"65":1,"66":0,"67":0,"68":1,"69":1,"70":1,"71":1,"72":3,"73":3,"74":1,"75":0,"76":0},"f":{"0":1,"1":2,"2":0,"3":0,"4":2,"5":2,"6":1,"7":4,"8":3,"9":1,"10":3,"11":3},"b":{"0":[1,1],"1":[0,4],"2":[1,3],"3":[4,1],"4":[1,2],"5":[1,1],"6":[2,1]},"_coverageSchema":"1a1c01bbd47fc00a2c39e90264f33305004495a9","hash":"7c3980438f614064fa0eec252c0f5335d02aa857"}
,"D:\\OneDrive\\Programming\\VisaiAi\\University-User-Management-System\\server\\controllers\\user.js": {"path":"D:\\OneDrive\\Programming\\VisaiAi\\University-User-Management-System\\server\\controllers\\user.js","statementMap":{"0":{"start":{"line":1,"column":25},"end":{"line":1,"column":50}},"1":{"start":{"line":2,"column":15},"end":{"line":2,"column":33}},"2":{"start":{"line":3,"column":15},"end":{"line":3,"column":34}},"3":{"start":{"line":4,"column":12},"end":{"line":4,"column":35}},"4":{"start":{"line":9,"column":0},"end":{"line":23,"column":1}},"5":{"start":{"line":10,"column":2},"end":{"line":22,"column":3}},"6":{"start":{"line":11,"column":18},"end":{"line":17,"column":6}},"7":{"start":{"line":18,"column":4},"end":{"line":18,"column":31}},"8":{"start":{"line":20,"column":4},"end":{"line":20,"column":20}},"9":{"start":{"line":21,"column":4},"end":{"line":21,"column":42}},"10":{"start":{"line":28,"column":0},"end":{"line":55,"column":1}},"11":{"start":{"line":29,"column":39},"end":{"line":29,"column":47}},"12":{"start":{"line":31,"column":2},"end":{"line":33,"column":3}},"13":{"start":{"line":32,"column":4},"end":{"line":32,"column":60}},"14":{"start":{"line":34,"column":15},"end":{"line":34,"column":39}},"15":{"start":{"line":35,"column":2},"end":{"line":35,"column":52}},"16":{"start":{"line":37,"column":2},"end":{"line":54,"column":3}},"17":{"start":{"line":38,"column":17},"end":{"line":49,"column":6}},"18":{"start":{"line":50,"column":4},"end":{"line":50,"column":30}},"19":{"start":{"line":52,"column":4},"end":{"line":52,"column":20}},"20":{"start":{"line":53,"column":4},"end":{"line":53,"column":42}},"21":{"start":{"line":60,"column":0},"end":{"line":91,"column":1}},"22":{"start":{"line":61,"column":2},"end":{"line":90,"column":3}},"23":{"start":{"line":62,"column":35},"end":{"line":62,"column":43}},"24":{"start":{"line":65,"column":4},"end":{"line":67,"column":5}},"25":{"start":{"line":66,"column":6},"end":{"line":66,"column":89}},"26":{"start":{"line":70,"column":17},"end":{"line":74,"column":6}},"27":{"start":{"line":76,"column":4},"end":{"line":78,"column":5}},"28":{"start":{"line":77,"column":6},"end":{"line":77,"column":69}},"29":{"start":{"line":80,"column":20},"end":{"line":80,"column":65}},"30":{"start":{"line":82,"column":4},"end":{"line":84,"column":5}},"31":{"start":{"line":83,"column":6},"end":{"line":83,"column":69}},"32":{"start":{"line":86,"column":4},"end":{"line":86,"column":37}},"33":{"start":{"line":88,"column":4},"end":{"line":88,"column":20}},"34":{"start":{"line":89,"column":4},"end":{"line":89,"column":42}},"35":{"start":{"line":94,"column":26},"end":{"line":115,"column":1}},"36":{"start":{"line":96,"column":16},"end":{"line":98,"column":4}},"37":{"start":{"line":100,"column":18},"end":{"line":103,"column":3}},"38":{"start":{"line":105,"column":2},"end":{"line":107,"column":3}},"39":{"start":{"line":106,"column":4},"end":{"line":106,"column":25}},"40":{"start":{"line":109,"column":2},"end":{"line":114,"column":4}},"41":{"start":{"line":120,"column":0},"end":{"line":137,"column":1}},"42":{"start":{"line":121,"column":2},"end":{"line":136,"column":3}},"43":{"start":{"line":122,"column":17},"end":{"line":131,"column":6}},"44":{"start":{"line":132,"column":4},"end":{"line":132,"column":30}},"45":{"start":{"line":134,"column":4},"end":{"line":134,"column":20}},"46":{"start":{"line":135,"column":4},"end":{"line":135,"column":42}},"47":{"start":{"line":142,"column":0},"end":{"line":153,"column":1}},"48":{"start":{"line":143,"column":2},"end":{"line":152,"column":3}},"49":{"start":{"line":144,"column":4},"end":{"line":147,"column":6}},"50":{"start":{"line":148,"column":4},"end":{"line":148,"column":48}},"51":{"start":{"line":150,"column":4},"end":{"line":150,"column":20}},"52":{"start":{"line":151,"column":4},"end":{"line":151,"column":42}},"53":{"start":{"line":158,"column":0},"end":{"line":182,"column":1}},"54":{"start":{"line":159,"column":23},"end":{"line":159,"column":31}},"55":{"start":{"line":160,"column":2},"end":{"line":181,"column":3}},"56":{"start":{"line":162,"column":19},"end":{"line":162,"column":78}},"57":{"start":{"line":163,"column":4},"end":{"line":165,"column":5}},"58":{"start":{"line":164,"column":6},"end":{"line":164,"column":66}},"59":{"start":{"line":167,"column":31},"end":{"line":169,"column":6}},"60":{"start":{"line":170,"column":4},"end":{"line":172,"column":5}},"61":{"start":{"line":171,"column":6},"end":{"line":171,"column":85}},"62":{"start":{"line":174,"column":23},"end":{"line":176,"column":6}},"63":{"start":{"line":177,"column":4},"end":{"line":177,"column":74}},"64":{"start":{"line":179,"column":4},"end":{"line":179,"column":20}},"65":{"start":{"line":180,"column":4},"end":{"line":180,"column":65}},"66":{"start":{"line":187,"column":0},"end":{"line":207,"column":1}},"67":{"start":{"line":188,"column":2},"end":{"line":206,"column":3}},"68":{"start":{"line":189,"column":22},"end":{"line":194,"column":6}},"69":{"start":{"line":195,"column":4},"end":{"line":201,"column":7}},"70":{"start":{"line":195,"column":51},"end":{"line":201,"column":5}},"71":{"start":{"line":202,"column":4},"end":{"line":202,"column":41}},"72":{"start":{"line":204,"column":4},"end":{"line":204,"column":20}},"73":{"start":{"line":205,"column":4},"end":{"line":205,"column":71}}},"fnMap":{"0":{"name":"(anonymous_0)","decl":{"start":{"line":9,"column":19},"end":{"line":9,"column":20}},"loc":{"start":{"line":9,"column":45},"end":{"line":23,"column":1}},"line":9},"1":{"name":"(anonymous_1)","decl":{"start":{"line":28,"column":21},"end":{"line":28,"column":22}},"loc":{"start":{"line":28,"column":47},"end":{"line":55,"column":1}},"line":28},"2":{"name":"(anonymous_2)","decl":{"start":{"line":60,"column":16},"end":{"line":60,"column":17}},"loc":{"start":{"line":60,"column":42},"end":{"line":91,"column":1}},"line":60},"3":{"name":"(anonymous_3)","decl":{"start":{"line":94,"column":26},"end":{"line":94,"column":27}},"loc":{"start":{"line":94,"column":53},"end":{"line":115,"column":1}},"line":94},"4":{"name":"(anonymous_4)","decl":{"start":{"line":120,"column":16},"end":{"line":120,"column":17}},"loc":{"start":{"line":120,"column":42},"end":{"line":137,"column":1}},"line":120},"5":{"name":"(anonymous_5)","decl":{"start":{"line":142,"column":17},"end":{"line":142,"column":18}},"loc":{"start":{"line":142,"column":43},"end":{"line":153,"column":1}},"line":142},"6":{"name":"(anonymous_6)","decl":{"start":{"line":158,"column":23},"end":{"line":158,"column":24}},"loc":{"start":{"line":158,"column":49},"end":{"line":182,"column":1}},"line":158},"7":{"name":"(anonymous_7)","decl":{"start":{"line":187,"column":27},"end":{"line":187,"column":28}},"loc":{"start":{"line":187,"column":53},"end":{"line":207,"column":1}},"line":187},"8":{"name":"(anonymous_8)","decl":{"start":{"line":195,"column":34},"end":{"line":195,"column":35}},"loc":{"start":{"line":195,"column":51},"end":{"line":201,"column":5}},"line":195}},"branchMap":{"0":{"loc":{"start":{"line":31,"column":2},"end":{"line":33,"column":3}},"type":"if","locations":[{"start":{"line":31,"column":2},"end":{"line":33,"column":3}},{"start":{},"end":{}}],"line":31},"1":{"loc":{"start":{"line":65,"column":4},"end":{"line":67,"column":5}},"type":"if","locations":[{"start":{"line":65,"column":4},"end":{"line":67,"column":5}},{"start":{},"end":{}}],"line":65},"2":{"loc":{"start":{"line":65,"column":8},"end":{"line":65,"column":30}},"type":"binary-expr","locations":[{"start":{"line":65,"column":8},"end":{"line":65,"column":17}},{"start":{"line":65,"column":21},"end":{"line":65,"column":30}}],"line":65},"3":{"loc":{"start":{"line":76,"column":4},"end":{"line":78,"column":5}},"type":"if","locations":[{"start":{"line":76,"column":4},"end":{"line":78,"column":5}},{"start":{},"end":{}}],"line":76},"4":{"loc":{"start":{"line":82,"column":4},"end":{"line":84,"column":5}},"type":"if","locations":[{"start":{"line":82,"column":4},"end":{"line":84,"column":5}},{"start":{},"end":{}}],"line":82},"5":{"loc":{"start":{"line":105,"column":2},"end":{"line":107,"column":3}},"type":"if","locations":[{"start":{"line":105,"column":2},"end":{"line":107,"column":3}},{"start":{},"end":{}}],"line":105},"6":{"loc":{"start":{"line":163,"column":4},"end":{"line":165,"column":5}},"type":"if","locations":[{"start":{"line":163,"column":4},"end":{"line":165,"column":5}},{"start":{},"end":{}}],"line":163},"7":{"loc":{"start":{"line":170,"column":4},"end":{"line":172,"column":5}},"type":"if","locations":[{"start":{"line":170,"column":4},"end":{"line":172,"column":5}},{"start":{},"end":{}}],"line":170}},"s":{"0":1,"1":1,"2":1,"3":1,"4":1,"5":1,"6":1,"7":1,"8":0,"9":0,"10":1,"11":2,"12":2,"13":1,"14":1,"15":1,"16":1,"17":1,"18":1,"19":0,"20":0,"21":1,"22":2,"23":2,"24":2,"25":0,"26":2,"27":2,"28":0,"29":2,"30":2,"31":1,"32":1,"33":0,"34":0,"35":1,"36":1,"37":1,"38":1,"39":0,"40":1,"41":1,"42":1,"43":1,"44":1,"45":0,"46":0,"47":1,"48":1,"49":1,"50":1,"51":0,"52":0,"53":1,"54":3,"55":3,"56":3,"57":3,"58":1,"59":2,"60":2,"61":1,"62":1,"63":1,"64":0,"65":0,"66":1,"67":1,"68":1,"69":1,"70":2,"71":1,"72":0,"73":0},"f":{"0":1,"1":2,"2":2,"3":1,"4":1,"5":1,"6":3,"7":1,"8":2},"b":{"0":[1,1],"1":[0,2],"2":[2,2],"3":[0,2],"4":[1,1],"5":[0,1],"6":[1,2],"7":[1,1]},"_coverageSchema":"1a1c01bbd47fc00a2c39e90264f33305004495a9","hash":"bdfd664a78f264471b67df1c350ea01cf343b0b4"}
}
