TN:
SF:controllers\course.js
FN:7,(anonymous_0)
FN:20,(anonymous_1)
FN:55,(anonymous_2)
FN:61,(anonymous_3)
FN:78,(anonymous_4)
FN:96,(anonymous_5)
FN:114,(anonymous_6)
FN:131,(anonymous_7)
FN:169,(anonymous_8)
FN:198,(anonymous_9)
FN:219,(anonymous_10)
FN:222,(anonymous_11)
FNF:12
FNH:10
FNDA:1,(anonymous_0)
FNDA:2,(anonymous_1)
FNDA:0,(anonymous_2)
FNDA:0,(anonymous_3)
FNDA:2,(anonymous_4)
FNDA:2,(anonymous_5)
FNDA:1,(anonymous_6)
FNDA:4,(anonymous_7)
FNDA:3,(anonymous_8)
FNDA:1,(anonymous_9)
FNDA:3,(anonymous_10)
FNDA:3,(anonymous_11)
DA:1,1
DA:2,1
DA:7,1
DA:8,1
DA:9,1
DA:10,1
DA:12,0
DA:13,0
DA:20,1
DA:21,2
DA:22,2
DA:49,2
DA:50,1
DA:52,1
DA:55,0
DA:61,0
DA:68,1
DA:70,0
DA:71,0
DA:78,1
DA:79,2
DA:80,2
DA:81,2
DA:86,1
DA:88,1
DA:89,1
DA:96,1
DA:97,2
DA:98,2
DA:104,1
DA:106,1
DA:107,1
DA:114,1
DA:115,1
DA:116,1
DA:121,1
DA:123,0
DA:124,0
DA:131,1
DA:132,4
DA:133,4
DA:134,4
DA:136,4
DA:137,4
DA:138,0
DA:140,4
DA:141,1
DA:144,3
DA:145,3
DA:146,1
DA:149,2
DA:152,2
DA:153,1
DA:156,1
DA:159,1
DA:161,0
DA:162,0
DA:169,1
DA:170,3
DA:171,3
DA:172,3
DA:174,3
DA:178,3
DA:179,2
DA:182,1
DA:188,1
DA:190,0
DA:191,0
DA:198,1
DA:199,1
DA:200,1
DA:219,3
DA:222,3
DA:228,1
DA:230,0
DA:231,0
LF:76
LH:61
BRDA:49,0,0,1
BRDA:49,0,1,1
BRDA:137,1,0,0
BRDA:137,1,1,4
BRDA:140,2,0,1
BRDA:140,2,1,3
BRDA:140,3,0,4
BRDA:140,3,1,1
BRDA:145,4,0,1
BRDA:145,4,1,2
BRDA:152,5,0,1
BRDA:152,5,1,1
BRDA:178,6,0,2
BRDA:178,6,1,1
BRF:14
BRH:13
end_of_record
TN:
SF:controllers\user.js
FN:9,(anonymous_0)
FN:28,(anonymous_1)
FN:60,(anonymous_2)
FN:94,(anonymous_3)
FN:120,(anonymous_4)
FN:142,(anonymous_5)
FN:158,(anonymous_6)
FN:187,(anonymous_7)
FN:195,(anonymous_8)
FNF:9
FNH:9
FNDA:1,(anonymous_0)
FNDA:2,(anonymous_1)
FNDA:2,(anonymous_2)
FNDA:1,(anonymous_3)
FNDA:1,(anonymous_4)
FNDA:1,(anonymous_5)
FNDA:3,(anonymous_6)
FNDA:1,(anonymous_7)
FNDA:2,(anonymous_8)
DA:1,1
DA:2,1
DA:3,1
DA:4,1
DA:9,1
DA:10,1
DA:11,1
DA:18,1
DA:20,0
DA:21,0
DA:28,1
DA:29,2
DA:31,2
DA:32,1
DA:34,1
DA:35,1
DA:37,1
DA:38,1
DA:50,1
DA:52,0
DA:53,0
DA:60,1
DA:61,2
DA:62,2
DA:65,2
DA:66,0
DA:70,2
DA:76,2
DA:77,0
DA:80,2
DA:82,2
DA:83,1
DA:86,1
DA:88,0
DA:89,0
DA:94,1
DA:96,1
DA:100,1
DA:105,1
DA:106,0
DA:109,1
DA:120,1
DA:121,1
DA:122,1
DA:132,1
DA:134,0
DA:135,0
DA:142,1
DA:143,1
DA:144,1
DA:148,1
DA:150,0
DA:151,0
DA:158,1
DA:159,3
DA:160,3
DA:162,3
DA:163,3
DA:164,1
DA:167,2
DA:170,2
DA:171,1
DA:174,1
DA:177,1
DA:179,0
DA:180,0
DA:187,1
DA:188,1
DA:189,1
DA:195,2
DA:202,1
DA:204,0
DA:205,0
LF:73
LH:56
BRDA:31,0,0,1
BRDA:31,0,1,1
BRDA:65,1,0,0
BRDA:65,1,1,2
BRDA:65,2,0,2
BRDA:65,2,1,2
BRDA:76,3,0,0
BRDA:76,3,1,2
BRDA:82,4,0,1
BRDA:82,4,1,1
BRDA:105,5,0,0
BRDA:105,5,1,1
BRDA:163,6,0,1
BRDA:163,6,1,2
BRDA:170,7,0,1
BRDA:170,7,1,1
BRF:16
BRH:13
end_of_record
